<?xml version="1.0" encoding="UTF-8"?>
<testsuites name="jest tests" tests="5" failures="0" errors="0" time="4.401">
  <testsuite name="src\test\RentProperty.test.js" errors="0" failures="0" skipped="0" timestamp="2024-10-07T03:29:24" time="3.822" tests="5">
    <testcase classname="RentPropertyModal Component renders the modal with required form fields" name="RentPropertyModal Component renders the modal with required form fields" time="0.267">
    </testcase>
    <testcase classname="RentPropertyModal Component handles form input changes" name="RentPropertyModal Component handles form input changes" time="0.165">
    </testcase>
    <testcase classname="RentPropertyModal Component uploads a property when form is submitted" name="RentPropertyModal Component uploads a property when form is submitted" time="0.771">
    </testcase>
    <testcase classname="RentPropertyModal Component uploads an image file when file input is changed" name="RentPropertyModal Component uploads an image file when file input is changed" time="0.095">
    </testcase>
    <testcase classname="RentPropertyModal Component displays an error message when form submission fails" name="RentPropertyModal Component displays an error message when form submission fails" time="0.713">
    </testcase>
  </testsuite>
</testsuites>